2024-07-18 11:36:50 — INFO — Running with edr=0.15.1
2024-07-18 11:36:50 — DEBUG — Running dbt --log-format json run-operation elementary.log_macro_results --args {"macro_name": "elementary_cli.get_latest_invocation", "macro_args": {}} --project-dir D:\envs\dbt-env\Lib\site-packages\elementary\monitor\dbt_project
2024-07-18 11:37:01 — DEBUG — Result bytes size for command '['dbt', '--log-format', 'json', 'run-operation', 'elementary.log_macro_results', '--args', '{"macro_name": "elementary_cli.get_latest_invocation", "macro_args": {}}', '--project-dir', 'D:\\envs\\dbt-env\\Lib\\site-packages\\elementary\\monitor\\dbt_project']' is 3794
2024-07-18 11:37:01 — DEBUG — Running dbt --log-format json run-operation elementary.log_macro_results --args {"macro_name": "elementary_cli.get_adapter_type_and_unique_id", "macro_args": {}} --project-dir D:\envs\dbt-env\Lib\site-packages\elementary\monitor\dbt_project
2024-07-18 11:37:09 — DEBUG — Result bytes size for command '['dbt', '--log-format', 'json', 'run-operation', 'elementary.log_macro_results', '--args', '{"macro_name": "elementary_cli.get_adapter_type_and_unique_id", "macro_args": {}}', '--project-dir', 'D:\\envs\\dbt-env\\Lib\\site-packages\\elementary\\monitor\\dbt_project']' is 1414
2024-07-18 11:37:09 — INFO — edr (0.15.1) and Elementary's dbt package (0.15.2) are compatible.
2024-07-18 11:37:09 — DEBUG — Running dbt --log-format json run-operation elementary.log_macro_results --args {"macro_name": "elementary_cli.get_elementary_database_and_schema", "macro_args": {}} --project-dir D:\envs\dbt-env\Lib\site-packages\elementary\monitor\dbt_project
2024-07-18 11:37:19 — DEBUG — Result bytes size for command '['dbt', '--log-format', 'json', 'run-operation', 'elementary.log_macro_results', '--args', '{"macro_name": "elementary_cli.get_elementary_database_and_schema", "macro_args": {}}', '--project-dir', 'D:\\envs\\dbt-env\\Lib\\site-packages\\elementary\\monitor\\dbt_project']' is 1410
2024-07-18 11:37:19 — INFO — Elementary's database and schema: '"pipeline_logs.dbt_elementary"'
2024-07-18 11:37:19 — INFO — Running dbt --log-format json run-operation elementary.log_macro_results --args {"macro_name": "elementary_cli.get_test_results", "macro_args": {"days_back": 7, "invocations_per_test": 720, "disable_passed_test_metrics": false}} --project-dir D:\envs\dbt-env\Lib\site-packages\elementary\monitor\dbt_project
2024-07-18 11:37:31 — DEBUG — Result bytes size for command '['dbt', '--log-format', 'json', 'run-operation', 'elementary.log_macro_results', '--args', '{"macro_name": "elementary_cli.get_test_results", "macro_args": {"days_back": 7, "invocations_per_test": 720, "disable_passed_test_metrics": false}}', '--project-dir', 'D:\\envs\\dbt-env\\Lib\\site-packages\\elementary\\monitor\\dbt_project']' is 81858
2024-07-18 11:37:31 — INFO — Running dbt --log-format json run-operation elementary.log_macro_results --args {"macro_name": "elementary_cli.get_source_freshness_results", "macro_args": {"days_back": 7, "invocations_per_test": 720}} --project-dir D:\envs\dbt-env\Lib\site-packages\elementary\monitor\dbt_project
2024-07-18 11:37:42 — DEBUG — Result bytes size for command '['dbt', '--log-format', 'json', 'run-operation', 'elementary.log_macro_results', '--args', '{"macro_name": "elementary_cli.get_source_freshness_results", "macro_args": {"days_back": 7, "invocations_per_test": 720}}', '--project-dir', 'D:\\envs\\dbt-env\\Lib\\site-packages\\elementary\\monitor\\dbt_project']' is 1346
2024-07-18 11:37:42 — INFO — Running dbt --log-format json run-operation elementary.log_macro_results --args {"macro_name": "elementary_cli.get_models", "macro_args": {"exclude_elementary": true}} --project-dir D:\envs\dbt-env\Lib\site-packages\elementary\monitor\dbt_project
2024-07-18 11:37:53 — DEBUG — Result bytes size for command '['dbt', '--log-format', 'json', 'run-operation', 'elementary.log_macro_results', '--args', '{"macro_name": "elementary_cli.get_models", "macro_args": {"exclude_elementary": true}}', '--project-dir', 'D:\\envs\\dbt-env\\Lib\\site-packages\\elementary\\monitor\\dbt_project']' is 40718
2024-07-18 11:37:53 — INFO — Running dbt --log-format json run-operation elementary.log_macro_results --args {"macro_name": "elementary_cli.get_sources", "macro_args": {}} --project-dir D:\envs\dbt-env\Lib\site-packages\elementary\monitor\dbt_project
2024-07-18 11:38:03 — DEBUG — Result bytes size for command '['dbt', '--log-format', 'json', 'run-operation', 'elementary.log_macro_results', '--args', '{"macro_name": "elementary_cli.get_sources", "macro_args": {}}', '--project-dir', 'D:\\envs\\dbt-env\\Lib\\site-packages\\elementary\\monitor\\dbt_project']' is 2078
2024-07-18 11:38:03 — INFO — Running dbt --log-format json run-operation elementary.log_macro_results --args {"macro_name": "elementary_cli.get_exposures", "macro_args": {}} --project-dir D:\envs\dbt-env\Lib\site-packages\elementary\monitor\dbt_project
2024-07-18 11:38:15 — DEBUG — Result bytes size for command '['dbt', '--log-format', 'json', 'run-operation', 'elementary.log_macro_results', '--args', '{"macro_name": "elementary_cli.get_exposures", "macro_args": {}}', '--project-dir', 'D:\\envs\\dbt-env\\Lib\\site-packages\\elementary\\monitor\\dbt_project']' is 1350
2024-07-18 11:38:15 — INFO — Running dbt --log-format json run-operation elementary.log_macro_results --args {"macro_name": "elementary_cli.get_singular_tests", "macro_args": {}} --project-dir D:\envs\dbt-env\Lib\site-packages\elementary\monitor\dbt_project
2024-07-18 11:38:26 — DEBUG — Result bytes size for command '['dbt', '--log-format', 'json', 'run-operation', 'elementary.log_macro_results', '--args', '{"macro_name": "elementary_cli.get_singular_tests", "macro_args": {}}', '--project-dir', 'D:\\envs\\dbt-env\\Lib\\site-packages\\elementary\\monitor\\dbt_project']' is 1346
2024-07-18 11:38:26 — INFO — Running dbt --log-format json run-operation elementary.log_macro_results --args {"macro_name": "elementary_cli.get_models_runs", "macro_args": {"days_back": 7, "exclude_elementary": true}} --project-dir D:\envs\dbt-env\Lib\site-packages\elementary\monitor\dbt_project
2024-07-18 11:38:37 — DEBUG — Result bytes size for command '['dbt', '--log-format', 'json', 'run-operation', 'elementary.log_macro_results', '--args', '{"macro_name": "elementary_cli.get_models_runs", "macro_args": {"days_back": 7, "exclude_elementary": true}}', '--project-dir', 'D:\\envs\\dbt-env\\Lib\\site-packages\\elementary\\monitor\\dbt_project']' is 83582
2024-07-18 11:38:37 — INFO — Running dbt --log-format json run-operation elementary.log_macro_results --args {"macro_name": "elementary_cli.get_dbt_models_test_coverage", "macro_args": {}} --project-dir D:\envs\dbt-env\Lib\site-packages\elementary\monitor\dbt_project
2024-07-18 11:38:48 — DEBUG — Result bytes size for command '['dbt', '--log-format', 'json', 'run-operation', 'elementary.log_macro_results', '--args', '{"macro_name": "elementary_cli.get_dbt_models_test_coverage", "macro_args": {}}', '--project-dir', 'D:\\envs\\dbt-env\\Lib\\site-packages\\elementary\\monitor\\dbt_project']' is 1954
2024-07-18 11:38:48 — INFO — Running dbt --log-format json run-operation elementary.log_macro_results --args {"macro_name": "elementary_cli.get_nodes_depends_on_nodes", "macro_args": {"exclude_elementary": true}} --project-dir D:\envs\dbt-env\Lib\site-packages\elementary\monitor\dbt_project
2024-07-18 11:39:01 — DEBUG — Result bytes size for command '['dbt', '--log-format', 'json', 'run-operation', 'elementary.log_macro_results', '--args', '{"macro_name": "elementary_cli.get_nodes_depends_on_nodes", "macro_args": {"exclude_elementary": true}}', '--project-dir', 'D:\\envs\\dbt-env\\Lib\\site-packages\\elementary\\monitor\\dbt_project']' is 14502
2024-07-18 11:39:01 — INFO — Running dbt --log-format json run-operation elementary.log_macro_results --args {"macro_name": "elementary_cli.get_models_latest_invocation", "macro_args": {}} --project-dir D:\envs\dbt-env\Lib\site-packages\elementary\monitor\dbt_project
2024-07-18 11:39:11 — DEBUG — Result bytes size for command '['dbt', '--log-format', 'json', 'run-operation', 'elementary.log_macro_results', '--args', '{"macro_name": "elementary_cli.get_models_latest_invocation", "macro_args": {}}', '--project-dir', 'D:\\envs\\dbt-env\\Lib\\site-packages\\elementary\\monitor\\dbt_project']' is 16870
2024-07-18 11:39:11 — INFO — Running dbt --log-format json run-operation elementary.log_macro_results --args {"macro_name": "elementary_cli.get_models_latest_invocations_data", "macro_args": {}} --project-dir D:\envs\dbt-env\Lib\site-packages\elementary\monitor\dbt_project
2024-07-18 11:39:22 — DEBUG — Result bytes size for command '['dbt', '--log-format', 'json', 'run-operation', 'elementary.log_macro_results', '--args', '{"macro_name": "elementary_cli.get_models_latest_invocations_data", "macro_args": {}}', '--project-dir', 'D:\\envs\\dbt-env\\Lib\\site-packages\\elementary\\monitor\\dbt_project']' is 3436
