2024-07-02 17:53:35 — INFO — Running with edr=0.15.1
2024-07-18 11:02:23 — INFO — Running with edr=0.15.1
2024-07-18 11:02:23 — DEBUG — Running dbt --log-format json run-operation elementary.log_macro_results --args {"macro_name": "elementary_cli.get_latest_invocation", "macro_args": {}} --project-dir D:\envs\dbt-env\Lib\site-packages\elementary\monitor\dbt_project
2024-07-18 11:02:58 — DEBUG — Result bytes size for command '['dbt', '--log-format', 'json', 'run-operation', 'elementary.log_macro_results', '--args', '{"macro_name": "elementary_cli.get_latest_invocation", "macro_args": {}}', '--project-dir', 'D:\\envs\\dbt-env\\Lib\\site-packages\\elementary\\monitor\\dbt_project']' is 4662
2024-07-18 11:02:58 — DEBUG — Running dbt --log-format json run-operation elementary.log_macro_results --args {"macro_name": "elementary_cli.get_adapter_type_and_unique_id", "macro_args": {}} --project-dir D:\envs\dbt-env\Lib\site-packages\elementary\monitor\dbt_project
2024-07-18 11:03:08 — DEBUG — Result bytes size for command '['dbt', '--log-format', 'json', 'run-operation', 'elementary.log_macro_results', '--args', '{"macro_name": "elementary_cli.get_adapter_type_and_unique_id", "macro_args": {}}', '--project-dir', 'D:\\envs\\dbt-env\\Lib\\site-packages\\elementary\\monitor\\dbt_project']' is 1418
2024-07-18 11:03:08 — INFO — edr (0.15.1) and Elementary's dbt package (0.15.2) are compatible.
2024-07-18 11:03:08 — DEBUG — Running dbt --log-format json run-operation elementary.log_macro_results --args {"macro_name": "elementary_cli.get_elementary_database_and_schema", "macro_args": {}} --project-dir D:\envs\dbt-env\Lib\site-packages\elementary\monitor\dbt_project
2024-07-18 11:03:16 — DEBUG — Result bytes size for command '['dbt', '--log-format', 'json', 'run-operation', 'elementary.log_macro_results', '--args', '{"macro_name": "elementary_cli.get_elementary_database_and_schema", "macro_args": {}}', '--project-dir', 'D:\\envs\\dbt-env\\Lib\\site-packages\\elementary\\monitor\\dbt_project']' is 1410
2024-07-18 11:03:16 — INFO — Elementary's database and schema: '"pipeline_logs.dbt_elementary"'
2024-07-18 11:03:16 — INFO — Running dbt --log-format json run-operation elementary.log_macro_results --args {"macro_name": "elementary_cli.get_test_results", "macro_args": {"days_back": 7, "invocations_per_test": 720, "disable_passed_test_metrics": false}} --project-dir D:\envs\dbt-env\Lib\site-packages\elementary\monitor\dbt_project
2024-07-18 11:03:28 — DEBUG — Result bytes size for command '['dbt', '--log-format', 'json', 'run-operation', 'elementary.log_macro_results', '--args', '{"macro_name": "elementary_cli.get_test_results", "macro_args": {"days_back": 7, "invocations_per_test": 720, "disable_passed_test_metrics": false}}', '--project-dir', 'D:\\envs\\dbt-env\\Lib\\site-packages\\elementary\\monitor\\dbt_project']' is 81854
2024-07-18 11:03:28 — INFO — Running dbt --log-format json run-operation elementary.log_macro_results --args {"macro_name": "elementary_cli.get_source_freshness_results", "macro_args": {"days_back": 7, "invocations_per_test": 720}} --project-dir D:\envs\dbt-env\Lib\site-packages\elementary\monitor\dbt_project
2024-07-18 11:03:38 — DEBUG — Result bytes size for command '['dbt', '--log-format', 'json', 'run-operation', 'elementary.log_macro_results', '--args', '{"macro_name": "elementary_cli.get_source_freshness_results", "macro_args": {"days_back": 7, "invocations_per_test": 720}}', '--project-dir', 'D:\\envs\\dbt-env\\Lib\\site-packages\\elementary\\monitor\\dbt_project']' is 1350
2024-07-18 11:03:38 — INFO — Running dbt --log-format json run-operation elementary.log_macro_results --args {"macro_name": "elementary_cli.get_models", "macro_args": {"exclude_elementary": true}} --project-dir D:\envs\dbt-env\Lib\site-packages\elementary\monitor\dbt_project
2024-07-18 11:03:49 — DEBUG — Result bytes size for command '['dbt', '--log-format', 'json', 'run-operation', 'elementary.log_macro_results', '--args', '{"macro_name": "elementary_cli.get_models", "macro_args": {"exclude_elementary": true}}', '--project-dir', 'D:\\envs\\dbt-env\\Lib\\site-packages\\elementary\\monitor\\dbt_project']' is 40718
2024-07-18 11:03:49 — INFO — Running dbt --log-format json run-operation elementary.log_macro_results --args {"macro_name": "elementary_cli.get_sources", "macro_args": {}} --project-dir D:\envs\dbt-env\Lib\site-packages\elementary\monitor\dbt_project
2024-07-18 11:04:00 — DEBUG — Result bytes size for command '['dbt', '--log-format', 'json', 'run-operation', 'elementary.log_macro_results', '--args', '{"macro_name": "elementary_cli.get_sources", "macro_args": {}}', '--project-dir', 'D:\\envs\\dbt-env\\Lib\\site-packages\\elementary\\monitor\\dbt_project']' is 2078
2024-07-18 11:04:00 — INFO — Running dbt --log-format json run-operation elementary.log_macro_results --args {"macro_name": "elementary_cli.get_exposures", "macro_args": {}} --project-dir D:\envs\dbt-env\Lib\site-packages\elementary\monitor\dbt_project
2024-07-18 11:04:11 — DEBUG — Result bytes size for command '['dbt', '--log-format', 'json', 'run-operation', 'elementary.log_macro_results', '--args', '{"macro_name": "elementary_cli.get_exposures", "macro_args": {}}', '--project-dir', 'D:\\envs\\dbt-env\\Lib\\site-packages\\elementary\\monitor\\dbt_project']' is 1346
2024-07-18 11:04:11 — INFO — Running dbt --log-format json run-operation elementary.log_macro_results --args {"macro_name": "elementary_cli.get_singular_tests", "macro_args": {}} --project-dir D:\envs\dbt-env\Lib\site-packages\elementary\monitor\dbt_project
2024-07-18 11:04:21 — DEBUG — Result bytes size for command '['dbt', '--log-format', 'json', 'run-operation', 'elementary.log_macro_results', '--args', '{"macro_name": "elementary_cli.get_singular_tests", "macro_args": {}}', '--project-dir', 'D:\\envs\\dbt-env\\Lib\\site-packages\\elementary\\monitor\\dbt_project']' is 1346
2024-07-18 11:04:21 — INFO — Running dbt --log-format json run-operation elementary.log_macro_results --args {"macro_name": "elementary_cli.get_models_runs", "macro_args": {"days_back": 7, "exclude_elementary": true}} --project-dir D:\envs\dbt-env\Lib\site-packages\elementary\monitor\dbt_project
2024-07-18 11:04:32 — DEBUG — Result bytes size for command '['dbt', '--log-format', 'json', 'run-operation', 'elementary.log_macro_results', '--args', '{"macro_name": "elementary_cli.get_models_runs", "macro_args": {"days_back": 7, "exclude_elementary": true}}', '--project-dir', 'D:\\envs\\dbt-env\\Lib\\site-packages\\elementary\\monitor\\dbt_project']' is 83586
2024-07-18 11:04:32 — INFO — Running dbt --log-format json run-operation elementary.log_macro_results --args {"macro_name": "elementary_cli.get_dbt_models_test_coverage", "macro_args": {}} --project-dir D:\envs\dbt-env\Lib\site-packages\elementary\monitor\dbt_project
2024-07-18 11:04:43 — DEBUG — Result bytes size for command '['dbt', '--log-format', 'json', 'run-operation', 'elementary.log_macro_results', '--args', '{"macro_name": "elementary_cli.get_dbt_models_test_coverage", "macro_args": {}}', '--project-dir', 'D:\\envs\\dbt-env\\Lib\\site-packages\\elementary\\monitor\\dbt_project']' is 1958
2024-07-18 11:04:43 — INFO — Running dbt --log-format json run-operation elementary.log_macro_results --args {"macro_name": "elementary_cli.get_nodes_depends_on_nodes", "macro_args": {"exclude_elementary": true}} --project-dir D:\envs\dbt-env\Lib\site-packages\elementary\monitor\dbt_project
2024-07-18 11:04:54 — DEBUG — Result bytes size for command '['dbt', '--log-format', 'json', 'run-operation', 'elementary.log_macro_results', '--args', '{"macro_name": "elementary_cli.get_nodes_depends_on_nodes", "macro_args": {"exclude_elementary": true}}', '--project-dir', 'D:\\envs\\dbt-env\\Lib\\site-packages\\elementary\\monitor\\dbt_project']' is 14502
2024-07-18 11:04:54 — INFO — Running dbt --log-format json run-operation elementary.log_macro_results --args {"macro_name": "elementary_cli.get_models_latest_invocation", "macro_args": {}} --project-dir D:\envs\dbt-env\Lib\site-packages\elementary\monitor\dbt_project
2024-07-18 11:05:03 — DEBUG — Result bytes size for command '['dbt', '--log-format', 'json', 'run-operation', 'elementary.log_macro_results', '--args', '{"macro_name": "elementary_cli.get_models_latest_invocation", "macro_args": {}}', '--project-dir', 'D:\\envs\\dbt-env\\Lib\\site-packages\\elementary\\monitor\\dbt_project']' is 16870
2024-07-18 11:05:03 — INFO — Running dbt --log-format json run-operation elementary.log_macro_results --args {"macro_name": "elementary_cli.get_models_latest_invocations_data", "macro_args": {}} --project-dir D:\envs\dbt-env\Lib\site-packages\elementary\monitor\dbt_project
2024-07-18 11:05:14 — DEBUG — Result bytes size for command '['dbt', '--log-format', 'json', 'run-operation', 'elementary.log_macro_results', '--args', '{"macro_name": "elementary_cli.get_models_latest_invocations_data", "macro_args": {}}', '--project-dir', 'D:\\envs\\dbt-env\\Lib\\site-packages\\elementary\\monitor\\dbt_project']' is 3440
2024-07-18 11:35:53 — INFO — Running with edr=0.15.1
2024-07-18 11:35:53 — DEBUG — Running dbt --log-format json run-operation elementary.log_macro_results --args {"macro_name": "elementary_cli.get_latest_invocation", "macro_args": {}} --project-dir D:\envs\dbt-env\Lib\site-packages\elementary\monitor\dbt_project
2024-07-18 11:36:12 — INFO — Running with edr=0.15.1
